03/08/20 09:55 Welcome to MMM-GoogleAssistant "1.0.0",
03/08/20 09:55 postinstall script v1.0.9 by Bugsounet
03/08/20 09:55 
03/08/20 09:55 Checking OS...
03/08/20 09:55 OS Detected: linux-gnu (debian 10 x86_64)
03/08/20 09:55 
03/08/20 09:55 Do you want to execute automatic intallation ? [Y/n] 
03/08/20 09:55 Your choice: 
03/08/20 09:55 Checking all dependencies...
03/08/20 09:55 All Dependencies needed are installed !
03/08/20 09:55 
03/08/20 09:55 Checking GCC Version...
03/08/20 09:55 Do you want to check compatible GCC version [Y/n] 
03/08/20 09:55 Your choice: 
03/08/20 09:55 GCC 7 is set by default
03/08/20 09:55 
03/08/20 09:55 Electron Rebuild
03/08/20 09:55 Do you want to execute electron rebuild [Y/n] 
03/08/20 09:55 Your choice: 
03/08/20 09:55 Installing electron-rebuild...
03/08/20 09:56 npm notice created a lockfile as package-lock.json. You should commit this file.
03/08/20 09:56 + electron-rebuild@1.10.0
03/08/20 09:56 updated 1 package and audited 721 packages in 15.238s
03/08/20 09:56 found 0 vulnerabilities
03/08/20 09:56 
03/08/20 09:56 Electron-rebuild installed
03/08/20 09:56 Execute electron-rebuild...
03/08/20 09:56 It could takes 10~30 minutes.
03/08/20 09:56 - Searching dependency tree
03/08/20 10:23 ✔ Rebuild Complete
03/08/20 10:23 Electron Rebuild Complete!
03/08/20 10:23 
03/08/20 10:23 
03/08/20 10:23 Installing Snowboy... [Y/n] 
03/08/20 10:23 Your choice: 
03/08/20 10:23 Cloning Snowboy from Github...
03/08/20 10:23 Clonage dans 'snowboy'...
03/08/20 10:24 Extraction des fichiers:  88% (276/313)   Extraction des fichiers:  89% (279/313)   Extraction des fichiers:  90% (282/313)   Extraction des fichiers:  91% (285/313)   Extraction des fichiers:  92% (288/313)   Extraction des fichiers:  93% (292/313)   Extraction des fichiers:  94% (295/313)   Extraction des fichiers:  95% (298/313)   Extraction des fichiers:  96% (301/313)   Extraction des fichiers:  97% (304/313)   Extraction des fichiers:  98% (307/313)   Extraction des fichiers:  99% (310/313)   Extraction des fichiers: 100% (313/313)   Extraction des fichiers: 100% (313/313), fait.
03/08/20 10:24 Copying Snowboy models...
03/08/20 10:24 
03/08/20 10:24 Installing nan / node-pre-gyp dependencies...
03/08/20 10:24 + nan@2.14.0
03/08/20 10:24 + node-pre-gyp@0.6.39
03/08/20 10:24 added 115 packages from 85 contributors and audited 269 packages in 22.837s
03/08/20 10:24 
03/08/20 10:24 1 package is looking for funding
03/08/20 10:24   run `npm fund` for details
03/08/20 10:24 
03/08/20 10:24 found 10 vulnerabilities (8 moderate, 2 high)
03/08/20 10:24   run `npm audit fix` to fix them, or `npm audit` for details
03/08/20 10:24 
03/08/20 10:24 Configure node-pre-gyp module...
03/08/20 10:24 In file included from ../swig/Node/snowboy.cc:1:
03/08/20 10:24 ../node_modules/nan/nan.h: In function ‘void Nan::AsyncQueueWorker(Nan::AsyncWorker*)’:
03/08/20 10:24 ../node_modules/nan/nan.h:2298:62: warning: cast between incompatible function types from ‘void (*)(uv_work_t*)’ {aka ‘void (*)(uv_work_s*)’} to ‘uv_after_work_cb’ {aka ‘void (*)(uv_work_s*, int)’} [-Wcast-function-type]
03/08/20 10:24      , reinterpret_cast<uv_after_work_cb>(AsyncExecuteComplete)
03/08/20 10:24                                                               ^
03/08/20 10:24 ../swig/Node/snowboy.cc: In constructor ‘SnowboyDetect::SnowboyDetect(const string&, const string&)’:
03/08/20 10:24 ../swig/Node/snowboy.cc:38:31: warning: catching polymorphic type ‘class std::runtime_error’ by value [-Wcatch-value=]
03/08/20 10:24    } catch (std::runtime_error e) {
03/08/20 10:24                                ^
03/08/20 10:24 In file included from ../node_modules/nan/nan.h:54,
03/08/20 10:24                  from ../swig/Node/snowboy.cc:1:
03/08/20 10:24 ../swig/Node/snowboy.cc: At global scope:
03/08/20 10:24 /home/bugs/.cache/node-gyp/10.19.0/include/node/node.h:573:43: warning: cast between incompatible function types from ‘void (*)(Nan::ADDON_REGISTER_FUNCTION_ARGS_TYPE)’ {aka ‘void (*)(v8::Local<v8::Object>)’} to ‘node::addon_register_func’ {aka ‘void (*)(v8::Local<v8::Object>, v8::Local<v8::Value>, void*)’} [-Wcast-function-type]
03/08/20 10:24        (node::addon_register_func) (regfunc),                          \
03/08/20 10:24                                            ^
03/08/20 10:24 /home/bugs/.cache/node-gyp/10.19.0/include/node/node.h:607:3: note: in expansion of macro ‘NODE_MODULE_X’
03/08/20 10:24    NODE_MODULE_X(modname, regfunc, NULL, 0)  // NOLINT (readability/null_usage)
03/08/20 10:24    ^~~~~~~~~~~~~
03/08/20 10:24 ../swig/Node/snowboy.cc:183:1: note: in expansion of macro ‘NODE_MODULE’
03/08/20 10:24  NODE_MODULE(SnowboyDetect, SnowboyDetect::Init)
03/08/20 10:24  ^~~~~~~~~~~
03/08/20 10:24 In file included from /home/bugs/.cache/node-gyp/10.19.0/include/node/node.h:63,
03/08/20 10:24                  from ../node_modules/nan/nan.h:54,
03/08/20 10:24                  from ../swig/Node/snowboy.cc:1:
03/08/20 10:24 /home/bugs/.cache/node-gyp/10.19.0/include/node/v8.h: In instantiation of ‘void v8::PersistentBase<T>::SetWeak(P*, typename v8::WeakCallbackInfo<P>::Callback, v8::WeakCallbackType) [with P = node::ObjectWrap; T = v8::Object; typename v8::WeakCallbackInfo<P>::Callback = void (*)(const v8::WeakCallbackInfo<node::ObjectWrap>&)]’:
03/08/20 10:24 /home/bugs/.cache/node-gyp/10.19.0/include/node/node_object_wrap.h:84:78:   required from here
03/08/20 10:24 /home/bugs/.cache/node-gyp/10.19.0/include/node/v8.h:9502:16: warning: cast between incompatible function types from ‘v8::WeakCallbackInfo<node::ObjectWrap>::Callback’ {aka ‘void (*)(const v8::WeakCallbackInfo<node::ObjectWrap>&)’} to ‘Callback’ {aka ‘void (*)(const v8::WeakCallbackInfo<void>&)’} [-Wcast-function-type]
03/08/20 10:24                 reinterpret_cast<Callback>(callback), type);
03/08/20 10:24                 ^~~~~~~~~~~~~~~~~~~~~~~~~~~~~~~~~~~~
03/08/20 10:24 /home/bugs/.cache/node-gyp/10.19.0/include/node/v8.h: In instantiation of ‘void v8::PersistentBase<T>::SetWeak(P*, typename v8::WeakCallbackInfo<P>::Callback, v8::WeakCallbackType) [with P = Nan::ObjectWrap; T = v8::Object; typename v8::WeakCallbackInfo<P>::Callback = void (*)(const v8::WeakCallbackInfo<Nan::ObjectWrap>&)]’:
03/08/20 10:24 ../node_modules/nan/nan_object_wrap.h:65:61:   required from here
03/08/20 10:24 /home/bugs/.cache/node-gyp/10.19.0/include/node/v8.h:9502:16: warning: cast between incompatible function types from ‘v8::WeakCallbackInfo<Nan::ObjectWrap>::Callback’ {aka ‘void (*)(const v8::WeakCallbackInfo<Nan::ObjectWrap>&)’} to ‘Callback’ {aka ‘void (*)(const v8::WeakCallbackInfo<void>&)’} [-Wcast-function-type]
03/08/20 10:25 
03/08/20 10:25 Installing Snowboy...
03/08/20 10:25 
03/08/20 10:25 > snowboy@1.3.1 install /home/bugs/MagicMirror/modules/MMM-GoogleAssistant/snowboy
03/08/20 10:25 > node-pre-gyp install --fallback-to-build
03/08/20 10:25 
03/08/20 10:25 [snowboy] Success: "/home/bugs/MagicMirror/modules/MMM-GoogleAssistant/snowboy/lib/node/binding/Release/node-v64-linux-x64/snowboy.node" already installed
03/08/20 10:25 Pass --update-binary to reinstall or --build-from-source to recompile
03/08/20 10:25 
03/08/20 10:25 > snowboy@1.3.1 prepublish /home/bugs/MagicMirror/modules/MMM-GoogleAssistant/snowboy
03/08/20 10:25 > tsc --listFiles
03/08/20 10:25 
03/08/20 10:25 ../../../node_modules/@types/unist/index.d.ts(31,20): error TS2304: Cannot find name 'unknown'.
03/08/20 10:25 ../../../node_modules/@types/unist/index.d.ts(40,20): error TS2304: Cannot find name 'unknown'.
03/08/20 10:25 ../../../node_modules/@types/unist/index.d.ts(97,12): error TS2304: Cannot find name 'unknown'.
03/08/20 10:25 ../../../node_modules/@types/vfile/index.d.ts(48,15): error TS2304: Cannot find name 'unknown'.
03/08/20 10:25 ../../../node_modules/vfile-message/types/index.d.ts(67,20): error TS2304: Cannot find name 'unknown'.
03/08/20 10:25 /home/bugs/MagicMirror/modules/MMM-GoogleAssistant/snowboy/node_modules/typescript/lib/lib.es6.d.ts
03/08/20 10:25 /home/bugs/MagicMirror/modules/MMM-GoogleAssistant/snowboy/lib/node/index.ts
03/08/20 10:25 /home/bugs/MagicMirror/modules/MMM-GoogleAssistant/snowboy/lib/node/node-pre-gyp.d.ts
03/08/20 10:25 /home/bugs/MagicMirror/modules/MMM-GoogleAssistant/snowboy/lib/node/SnowboyDetectNative.d.ts
03/08/20 10:25 /home/bugs/MagicMirror/modules/MMM-GoogleAssistant/snowboy/node_modules/@types/node/base.d.ts
03/08/20 10:25 /home/bugs/MagicMirror/modules/MMM-GoogleAssistant/snowboy/node_modules/@types/node/index.d.ts
03/08/20 10:25 /home/bugs/MagicMirror/modules/MMM-GoogleAssistant/node_modules/@types/long/index.d.ts
03/08/20 10:25 /home/bugs/MagicMirror/modules/MMM-GoogleAssistant/node_modules/@types/bytebuffer/index.d.ts
03/08/20 10:25 /home/bugs/MagicMirror/node_modules/@types/color-name/index.d.ts
03/08/20 10:25 /home/bugs/MagicMirror/node_modules/@types/events/index.d.ts
03/08/20 10:25 /home/bugs/MagicMirror/node_modules/@types/minimatch/index.d.ts
03/08/20 10:25 /home/bugs/MagicMirror/node_modules/@types/glob/index.d.ts
03/08/20 10:25 /home/bugs/MagicMirror/node_modules/@types/parse-json/index.d.ts
03/08/20 10:25 /home/bugs/MagicMirror/node_modules/@types/unist/index.d.ts
03/08/20 10:25 /home/bugs/MagicMirror/node_modules/vfile-message/types/index.d.ts
03/08/20 10:25 /home/bugs/MagicMirror/node_modules/@types/vfile/index.d.ts
03/08/20 10:25 Installing electron-rebuild...
03/08/20 10:25 npm WARN deprecated request@2.88.2: request has been deprecated, see https://github.com/request/request/issues/3142
03/08/20 10:26 + electron-rebuild@1.10.0
03/08/20 10:26 added 90 packages from 76 contributors, removed 15 packages and audited 512 packages in 30.263s
03/08/20 10:26 
03/08/20 10:26 2 packages are looking for funding
03/08/20 10:26   run `npm fund` for details
03/08/20 10:26 
03/08/20 10:26 found 10 vulnerabilities (8 moderate, 2 high)
03/08/20 10:26   run `npm audit fix` to fix them, or `npm audit` for details
03/08/20 10:26 Execute electron-rebuild...
03/08/20 10:26 - Searching dependency tree
03/08/20 10:26 ✔ Rebuild Complete
03/08/20 10:26 
03/08/20 10:26 Checking Installation...
03/08/20 10:26 /home/bugs/MagicMirror/modules/MMM-GoogleAssistant/snowboy/lib/node/index.js
03/08/20 10:26 node-v64-linux-x64
03/08/20 10:26 electron-v6.0-linux-x64
03/08/20 10:26 Snowboy Build Success !
03/08/20 10:26 
03/08/20 10:26 
03/08/20 10:26 Checking Speaker and Microphone...
03/08/20 10:26 Do you want check your audio configuration [Y/n] 
03/08/20 10:30 Your choice: 
03/08/20 10:30 
03/08/20 10:30 
03/08/20 10:30 MMM-GoogleAssistant is now installed !
03/08/20 10:30 Press [Enter] to continue
03/08/20 10:30 
03/08/20 10:30 
